<?xml version="1.0" encoding="UTF-8"?>
<Site BuildName="(empty)"
	BuildStamp="20260131-1706-Experimental"
	Name="alex-B560M-D3H"
	Generator="ctest-3.22.1"
	CompilerName="/usr/bin/c++"
	CompilerVersion="11.4.0"
	OSName="Linux"
	Hostname="alex-B560M-D3H"
	OSRelease="6.8.0-90-generic"
	OSVersion="#91~22.04.1-Ubuntu SMP PREEMPT_DYNAMIC Thu Nov 20 15:20:45 UTC 2"
	OSPlatform="x86_64"
	Is64Bits="1"
	VendorString="GenuineIntel"
	VendorID="Intel Corporation"
	FamilyID="6"
	ModelID="167"
	ProcessorCacheSize="16384"
	NumberOfLogicalCPU="16"
	NumberOfPhysicalCPU="8"
	TotalVirtualMemory="2047"
	TotalPhysicalMemory="23897"
	LogicalProcessorsPerPhysical="2"
	ProcessorClockFrequency="4579.04"
	>
	<Testing>
		<StartDateTime>Jan 31 21:39 EET</StartDateTime>
		<StartTestTime>1769888395</StartTestTime>
		<TestList/>
		<EndDateTime>Jan 31 21:39 EET</EndDateTime>
		<EndTestTime>1769888395</EndTestTime>
		<ElapsedMinutes>0</ElapsedMinutes>
	</Testing>
</Site>
