<?xml version="1.0" encoding="UTF-8"?>
<Site BuildName="(empty)"
	BuildStamp="20260324-1441-Experimental"
	Name="alex-B560M-D3H"
	Generator="ctest-3.22.1"
	CompilerName="/usr/bin/c++"
	CompilerVersion="11.4.0"
	OSName="Linux"
	Hostname="alex-B560M-D3H"
	OSRelease="6.8.0-106-generic"
	OSVersion="#106~22.04.1-Ubuntu SMP PREEMPT_DYNAMIC Fri Mar  6 08:44:59 UTC "
	OSPlatform="x86_64"
	Is64Bits="1"
	VendorString="GenuineIntel"
	VendorID="Intel Corporation"
	FamilyID="6"
	ModelID="167"
	ProcessorCacheSize="16384"
	NumberOfLogicalCPU="16"
	NumberOfPhysicalCPU="8"
	TotalVirtualMemory="2047"
	TotalPhysicalMemory="23897"
	LogicalProcessorsPerPhysical="2"
	ProcessorClockFrequency="4599.95"
	>
	<Testing>
		<StartDateTime>Mar 24 16:41 EET</StartDateTime>
		<StartTestTime>1774363274</StartTestTime>
		<TestList/>
		<EndDateTime>Mar 24 16:41 EET</EndDateTime>
		<EndTestTime>1774363274</EndTestTime>
		<ElapsedMinutes>0</ElapsedMinutes>
	</Testing>
</Site>
