<?xml version="1.0" encoding="UTF-8"?>
<Site BuildName="(empty)"
	BuildStamp="20260319-1935-Experimental"
	Name="alex-B560M-D3H"
	Generator="ctest-3.22.1"
	CompilerName="/usr/bin/c++"
	CompilerVersion="11.4.0"
	OSName="Linux"
	Hostname="alex-B560M-D3H"
	OSRelease="6.8.0-101-generic"
	OSVersion="#101~22.04.1-Ubuntu SMP PREEMPT_DYNAMIC Wed Feb 11 13:19:54 UTC "
	OSPlatform="x86_64"
	Is64Bits="1"
	VendorString="GenuineIntel"
	VendorID="Intel Corporation"
	FamilyID="6"
	ModelID="167"
	ProcessorCacheSize="16384"
	NumberOfLogicalCPU="16"
	NumberOfPhysicalCPU="8"
	TotalVirtualMemory="2047"
	TotalPhysicalMemory="23897"
	LogicalProcessorsPerPhysical="2"
	ProcessorClockFrequency="4577.07"
	>
	<Testing>
		<StartDateTime>Mar 19 21:35 EET</StartDateTime>
		<StartTestTime>1773948932</StartTestTime>
		<TestList/>
		<EndDateTime>Mar 19 21:35 EET</EndDateTime>
		<EndTestTime>1773948932</EndTestTime>
		<ElapsedMinutes>0</ElapsedMinutes>
	</Testing>
</Site>
